<?xml version="1.0" encoding="UTF-8"?>
<!-- Generated by org.testng.reporters.JUnitReportReporter -->
<testsuite skipped="0" hostname="DESKTOP-8EQSD1V" name="GetLeftBarTitle" tests="1" failures="0" timestamp="2021-01-29T16:42:32 IST" time="21.950" errors="0">
  <testcase name="LeftBarAndTitle" time="21.950" classname="GetLeftBarTitle"/>
  <system-out/>
</testsuite> <!-- GetLeftBarTitle -->
