<?xml version="1.0" encoding="UTF-8"?>
<!-- Generated by org.testng.reporters.JUnitReportReporter -->
<testsuite skipped="0" hostname="DESKTOP-8EQSD1V" name="ValidateCompanyNameColor" tests="1" failures="0" timestamp="2021-01-29T17:12:31 IST" time="23.536" errors="0">
  <testcase name="ValidateCompanyNameAndColor" time="23.536" classname="ValidateCompanyNameColor"/>
  <system-out/>
</testsuite> <!-- ValidateCompanyNameColor -->
