<?xml version="1.0" encoding="UTF-8"?>
<!-- Generated by org.testng.reporters.JUnitReportReporter -->
<testsuite skipped="0" hostname="DESKTOP-8EQSD1V" name="leave" tests="1" failures="0" timestamp="2021-01-29T19:51:17 IST" time="34.259" errors="0">
  <testcase name="ClickonLeavea" time="34.259" classname="leave"/>
  <system-out/>
</testsuite> <!-- leave -->
