<?xml version="1.0" encoding="UTF-8"?>
<!-- Generated by org.testng.reporters.JUnitReportReporter -->
<testsuite skipped="0" hostname="DESKTOP-8EQSD1V" name="GetLeftBarTitle" tests="1" failures="0" timestamp="2021-01-29T20:28:25 IST" time="23.456" errors="0">
  <testcase name="LeftBarAndTitle" time="23.456" classname="GetLeftBarTitle"/>
  <system-out/>
</testsuite> <!-- GetLeftBarTitle -->
