<?xml version="1.0" encoding="UTF-8"?>
<!-- Generated by org.testng.reporters.JUnitReportReporter -->
<testsuite skipped="0" hostname="DESKTOP-8EQSD1V" name="ValidateCompanyName" tests="1" failures="0" timestamp="2021-01-29T17:08:51 IST" time="23.393" errors="0">
  <testcase name="ValidateCompanyNameAndColor" time="23.393" classname="ValidateCompanyName"/>
  <system-out/>
</testsuite> <!-- ValidateCompanyName -->
