<?xml version="1.0" encoding="UTF-8"?>
<!-- Generated by org.testng.reporters.JUnitReportReporter -->
<testsuite skipped="0" hostname="DESKTOP-8EQSD1V" name="TestOrangeHRM" tests="1" failures="0" timestamp="2021-01-29T16:20:23 IST" time="31.604" errors="0">
  <testcase name="ExeOragneHRMApp" time="31.604" classname="TestOrangeHRM"/>
  <system-out/>
</testsuite> <!-- TestOrangeHRM -->
