<?xml version="1.0" encoding="UTF-8"?>
<!-- Generated by org.testng.reporters.JUnitReportReporter -->
<testsuite skipped="0" hostname="DESKTOP-8EQSD1V" name="Recruitment" tests="1" failures="0" timestamp="2021-01-29T20:25:06 IST" time="34.013" errors="0">
  <testcase name="ClickOnRecruitment" time="34.013" classname="Recruitment"/>
  <system-out/>
</testsuite> <!-- Recruitment -->
