<?xml version="1.0" encoding="UTF-8"?>
<!-- Generated by org.testng.reporters.JUnitReportReporter -->
<testsuite skipped="0" hostname="DESKTOP-8EQSD1V" name="Expense" tests="1" failures="0" timestamp="2021-01-29T19:15:26 IST" time="35.040" errors="0">
  <testcase name="ClickOnExpense" time="35.040" classname="Expense"/>
  <system-out/>
</testsuite> <!-- Expense -->
