<?xml version="1.0" encoding="UTF-8"?>
<!-- Generated by org.testng.reporters.JUnitReportReporter -->
<testsuite skipped="0" hostname="DESKTOP-8EQSD1V" name="TestRunnerPersonal" tests="1" failures="0" timestamp="2021-01-29T19:05:32 IST" time="65.456" errors="0">
  <testcase name="PersonalDetailsPrefrence" time="65.456" classname="TestRunnerPersonal"/>
  <system-out/>
</testsuite> <!-- TestRunnerPersonal -->
